::1 - - [18/Apr/2026:10:47:23 +0000] "GET /api/hello HTTP/1.1" 200 181 "-" "PostmanRuntime/7.51.1"
::1 - - [18/Apr/2026:10:48:11 +0000] "GET /api/hello HTTP/1.1" 304 - "-" "Mozilla/5.0 (Windows NT 10.0; Win64; x64) AppleWebKit/537.36 (KHTML, like Gecko) Chrome/147.0.0.0 Safari/537.36 Edg/147.0.0.0"
::1 - - [18/Apr/2026:13:41:53 +0000] "POST /api/users HTTP/1.1" 200 41 "-" "PostmanRuntime/7.51.1"
::1 - - [18/Apr/2026:13:42:01 +0000] "POST /api/users HTTP/1.1" 200 41 "-" "PostmanRuntime/7.51.1"
::1 - - [18/Apr/2026:13:42:41 +0000] "POST /api/users HTTP/1.1" 200 73 "-" "PostmanRuntime/7.51.1"
::1 - - [18/Apr/2026:13:47:48 +0000] "GET /api/vip HTTP/1.1" 403 57 "-" "PostmanRuntime/7.51.1"
::1 - - [18/Apr/2026:13:49:28 +0000] "GET /api/vip?ve=VIP123 HTTP/1.1" 200 141 "-" "PostmanRuntime/7.51.1"
::1 - - [18/Apr/2026:13:54:53 +0000] "POST /api/users HTTP/1.1" 500 143 "-" "PostmanRuntime/7.51.1"
::1 - - [18/Apr/2026:13:56:09 +0000] "POST /api/users HTTP/1.1" 500 1488 "-" "PostmanRuntime/7.51.1"
::1 - - [18/Apr/2026:13:57:58 +0000] "POST /api/users HTTP/1.1" 500 143 "-" "PostmanRuntime/7.51.1"
::1 - - [18/Apr/2026:13:58:27 +0000] "POST /api/users HTTP/1.1" 200 73 "-" "PostmanRuntime/7.51.1"
::1 - - [19/Apr/2026:02:03:26 +0000] "GET /api/hello HTTP/1.1" 200 82 "-" "PostmanRuntime/7.51.1"
::1 - - [19/Apr/2026:02:04:08 +0000] "GET /api/hello HTTP/1.1" 200 82 "-" "PostmanRuntime/7.51.1"
::1 - - [19/Apr/2026:02:04:37 +0000] "GET /api/hello HTTP/1.1" 404 82 "-" "PostmanRuntime/7.51.1"
::1 - - [19/Apr/2026:02:12:30 +0000] "GET /api/hello HTTP/1.1" 404 82 "-" "PostmanRuntime/7.51.1"
::1 - - [19/Apr/2026:02:16:44 +0000] "GET /api/hello HTTP/1.1" 200 82 "-" "PostmanRuntime/7.51.1"
::1 - - [19/Apr/2026:02:17:10 +0000] "GET /api/hello HTTP/1.1" 201 82 "-" "PostmanRuntime/7.51.1"
::1 - - [19/Apr/2026:02:43:59 +0000] "GET /tim-kiem?tuKhoa=iphone&giaMax=15000 HTTP/1.1" 200 99 "-" "PostmanRuntime/7.51.1"
::1 - - [19/Apr/2026:02:44:44 +0000] "GET /tim-kiem HTTP/1.1" 400 79 "-" "PostmanRuntime/7.51.1"
::1 - - [19/Apr/2026:02:50:10 +0000] "GET /tim-kiem-abc HTTP/1.1" 404 147 "-" "PostmanRuntime/7.51.1"
::1 - - [19/Apr/2026:03:20:26 +0000] "GET /api/users HTTP/1.1" 200 61 "-" "PostmanRuntime/7.51.1"
::1 - - [19/Apr/2026:03:22:29 +0000] "POST /api/users HTTP/1.1" 400 45 "-" "PostmanRuntime/7.51.1"
::1 - - [19/Apr/2026:03:23:13 +0000] "POST /api/users HTTP/1.1" 201 68 "-" "PostmanRuntime/7.51.1"
::1 - - [19/Apr/2026:03:23:30 +0000] "GET /api/users HTTP/1.1" 200 88 "-" "PostmanRuntime/7.51.1"
::1 - - [19/Apr/2026:03:28:10 +0000] "PUT /api/users/3 HTTP/1.1" 200 57 "-" "PostmanRuntime/7.51.1"
::1 - - [19/Apr/2026:03:28:16 +0000] "GET /api/users HTTP/1.1" 200 92 "-" "PostmanRuntime/7.51.1"
::1 - - [19/Apr/2026:03:29:24 +0000] "DELETE /api/users/3 HTTP/1.1" 500 119 "-" "PostmanRuntime/7.51.1"
::1 - - [19/Apr/2026:03:30:39 +0000] "DELETE /api/users/3 HTTP/1.1" 500 119 "-" "PostmanRuntime/7.51.1"
::1 - - [19/Apr/2026:03:31:03 +0000] "DELETE /api/users/3 HTTP/1.1" 500 119 "-" "PostmanRuntime/7.51.1"
::1 - - [19/Apr/2026:03:31:37 +0000] "POST /api/users HTTP/1.1" 201 68 "-" "PostmanRuntime/7.51.1"
::1 - - [19/Apr/2026:03:31:52 +0000] "DELETE /api/users/3 HTTP/1.1" 500 119 "-" "PostmanRuntime/7.51.1"
::1 - - [19/Apr/2026:03:31:59 +0000] "GET /api/users HTTP/1.1" 200 88 "-" "PostmanRuntime/7.51.1"
::1 - - [19/Apr/2026:03:33:04 +0000] "DELETE /api/users/3 HTTP/1.1" 500 119 "-" "PostmanRuntime/7.51.1"
::1 - - [19/Apr/2026:03:35:22 +0000] "DELETE /api/users/3 HTTP/1.1" 404 33 "-" "PostmanRuntime/7.51.1"
::1 - - [19/Apr/2026:03:35:36 +0000] "POST /api/users HTTP/1.1" 201 68 "-" "PostmanRuntime/7.51.1"
::1 - - [19/Apr/2026:03:36:05 +0000] "DELETE /api/users/3 HTTP/1.1" 200 25 "-" "PostmanRuntime/7.51.1"
